# JRE version: OpenJDK Runtime Environment (8.0_275-b01) (build 1.8.0_275-8u275-b01-0ubuntu1~16.04-b01)
# Java VM: OpenJDK 64-Bit Server VM (25.275-b01 mixed mode linux-amd64 compressed oops)
Heap:
 PSYoungGen      total 159744K, used 0K [0x00000000f5580000, 0x0000000100000000, 0x0000000100000000)
  eden space 144896K, 0% used [0x00000000f5580000,0x00000000f5580000,0x00000000fe300000)
  from space 14848K, 0% used [0x00000000fe300000,0x00000000fe300000,0x00000000ff180000)
  to   space 14848K, 0% used [0x00000000ff180000,0x00000000ff180000,0x0000000100000000)
 ParOldGen       total 121856K, used 56742K [0x00000000e0000000, 0x00000000e7700000, 0x00000000f5580000)
  object space 121856K, 46% used [0x00000000e0000000,0x00000000e3769b50,0x00000000e7700000)
 Metaspace       used 26877K, capacity 29724K, committed 29824K, reserved 1075200K
  class space    used 3296K, capacity 4180K, committed 4224K, reserved 1048576K
GC Heap History (10 events):
Event: 1.649 GC heap after
Heap after GC invocations=4 (full 0):
 PSYoungGen      total 138240K, used 10226K [0x00000000f5580000, 0x00000000fe680000, 0x0000000100000000)
  eden space 128000K, 0% used [0x00000000f5580000,0x00000000f5580000,0x00000000fd280000)
  from space 10240K, 99% used [0x00000000fdc80000,0x00000000fe67ca88,0x00000000fe680000)
  to   space 10240K, 0% used [0x00000000fd280000,0x00000000fd280000,0x00000000fdc80000)
 ParOldGen       total 169472K, used 1520K [0x00000000e0000000, 0x00000000ea580000, 0x00000000f5580000)
  object space 169472K, 0% used [0x00000000e0000000,0x00000000e017c280,0x00000000ea580000)
 Metaspace       used 19416K, capacity 20204K, committed 20352K, reserved 1067008K
  class space    used 2306K, capacity 2581K, committed 2688K, reserved 1048576K
}
Event: 1.728 GC heap before
{Heap before GC invocations=5 (full 0):
 PSYoungGen      total 138240K, used 52239K [0x00000000f5580000, 0x00000000fe680000, 0x0000000100000000)
  eden space 128000K, 32% used [0x00000000f5580000,0x00000000f7e874d0,0x00000000fd280000)
  from space 10240K, 99% used [0x00000000fdc80000,0x00000000fe67ca88,0x00000000fe680000)
  to   space 10240K, 0% used [0x00000000fd280000,0x00000000fd280000,0x00000000fdc80000)
 ParOldGen       total 169472K, used 1520K [0x00000000e0000000, 0x00000000ea580000, 0x00000000f5580000)
  object space 169472K, 0% used [0x00000000e0000000,0x00000000e017c280,0x00000000ea580000)
 Metaspace       used 20320K, capacity 21184K, committed 21296K, reserved 1069056K
  class space    used 2359K, capacity 2635K, committed 2688K, reserved 1048576K
Event: 1.734 GC heap after
Heap after GC invocations=5 (full 0):
 PSYoungGen      total 138240K, used 10170K [0x00000000f5580000, 0x0000000100000000, 0x0000000100000000)
  eden space 128000K, 0% used [0x00000000f5580000,0x00000000f5580000,0x00000000fd280000)
  from space 10240K, 99% used [0x00000000fd280000,0x00000000fdc6e910,0x00000000fdc80000)
  to   space 12800K, 0% used [0x00000000ff380000,0x00000000ff380000,0x0000000100000000)
 ParOldGen       total 169472K, used 1528K [0x00000000e0000000, 0x00000000ea580000, 0x00000000f5580000)
  object space 169472K, 0% used [0x00000000e0000000,0x00000000e017e280,0x00000000ea580000)
 Metaspace       used 20320K, capacity 21184K, committed 21296K, reserved 1069056K
  class space    used 2359K, capacity 2635K, committed 2688K, reserved 1048576K
}
Event: 1.734 GC heap before
{Heap before GC invocations=6 (full 1):
 PSYoungGen      total 138240K, used 10170K [0x00000000f5580000, 0x0000000100000000, 0x0000000100000000)
  eden space 128000K, 0% used [0x00000000f5580000,0x00000000f5580000,0x00000000fd280000)
  from space 10240K, 99% used [0x00000000fd280000,0x00000000fdc6e910,0x00000000fdc80000)
  to   space 12800K, 0% used [0x00000000ff380000,0x00000000ff380000,0x0000000100000000)
 ParOldGen       total 169472K, used 1528K [0x00000000e0000000, 0x00000000ea580000, 0x00000000f5580000)
  object space 169472K, 0% used [0x00000000e0000000,0x00000000e017e280,0x00000000ea580000)
 Metaspace       used 20320K, capacity 21184K, committed 21296K, reserved 1069056K
  class space    used 2359K, capacity 2635K, committed 2688K, reserved 1048576K
Event: 1.759 GC heap after
Heap after GC invocations=6 (full 1):
 PSYoungGen      total 138240K, used 0K [0x00000000f5580000, 0x0000000100000000, 0x0000000100000000)
  eden space 128000K, 0% used [0x00000000f5580000,0x00000000f5580000,0x00000000fd280000)
  from space 10240K, 0% used [0x00000000fd280000,0x00000000fd280000,0x00000000fdc80000)
  to   space 12800K, 0% used [0x00000000ff380000,0x00000000ff380000,0x0000000100000000)
 ParOldGen       total 93184K, used 10709K [0x00000000e0000000, 0x00000000e5b00000, 0x00000000f5580000)
  object space 93184K, 11% used [0x00000000e0000000,0x00000000e0a75408,0x00000000e5b00000)
 Metaspace       used 20320K, capacity 21184K, committed 21296K, reserved 1069056K
  class space    used 2359K, capacity 2635K, committed 2688K, reserved 1048576K
}
Event: 2.035 GC heap before
{Heap before GC invocations=7 (full 1):
 PSYoungGen      total 138240K, used 103985K [0x00000000f5580000, 0x0000000100000000, 0x0000000100000000)
  eden space 128000K, 81% used [0x00000000f5580000,0x00000000fbb0c558,0x00000000fd280000)
  from space 10240K, 0% used [0x00000000fd280000,0x00000000fd280000,0x00000000fdc80000)
  to   space 12800K, 0% used [0x00000000ff380000,0x00000000ff380000,0x0000000100000000)
 ParOldGen       total 93184K, used 10709K [0x00000000e0000000, 0x00000000e5b00000, 0x00000000f5580000)
  object space 93184K, 11% used [0x00000000e0000000,0x00000000e0a75408,0x00000000e5b00000)
 Metaspace       used 23109K, capacity 24606K, committed 24832K, reserved 1071104K
  class space    used 2739K, capacity 3246K, committed 3328K, reserved 1048576K
Event: 2.040 GC heap after
Heap after GC invocations=7 (full 1):
 PSYoungGen      total 157696K, used 12777K [0x00000000f5580000, 0x0000000100000000, 0x0000000100000000)
  eden space 144896K, 0% used [0x00000000f5580000,0x00000000f5580000,0x00000000fe300000)
  from space 12800K, 99% used [0x00000000ff380000,0x00000000ffffa4b0,0x0000000100000000)
  to   space 14848K, 0% used [0x00000000fe300000,0x00000000fe300000,0x00000000ff180000)
 ParOldGen       total 93184K, used 11013K [0x00000000e0000000, 0x00000000e5b00000, 0x00000000f5580000)
  object space 93184K, 11% used [0x00000000e0000000,0x00000000e0ac1788,0x00000000e5b00000)
 Metaspace       used 23109K, capacity 24606K, committed 24832K, reserved 1071104K
  class space    used 2739K, capacity 3246K, committed 3328K, reserved 1048576K
}
Event: 2.421 GC heap before
{Heap before GC invocations=8 (full 1):
 PSYoungGen      total 157696K, used 157673K [0x00000000f5580000, 0x0000000100000000, 0x0000000100000000)
  eden space 144896K, 100% used [0x00000000f5580000,0x00000000fe300000,0x00000000fe300000)
  from space 12800K, 99% used [0x00000000ff380000,0x00000000ffffa4b0,0x0000000100000000)
  to   space 14848K, 0% used [0x00000000fe300000,0x00000000fe300000,0x00000000ff180000)
 ParOldGen       total 93184K, used 11013K [0x00000000e0000000, 0x00000000e5b00000, 0x00000000f5580000)
  object space 93184K, 11% used [0x00000000e0000000,0x00000000e0ac1788,0x00000000e5b00000)
 Metaspace       used 26877K, capacity 29724K, committed 29824K, reserved 1075200K
  class space    used 3296K, capacity 4180K, committed 4224K, reserved 1048576K
Event: 2.658 GC heap after
Heap after GC invocations=8 (full 1):
 PSYoungGen      total 159744K, used 14829K [0x00000000f5580000, 0x0000000100000000, 0x0000000100000000)
  eden space 144896K, 0% used [0x00000000f5580000,0x00000000f5580000,0x00000000fe300000)
  from space 14848K, 99% used [0x00000000fe300000,0x00000000ff17b510,0x00000000ff180000)
  to   space 14848K, 0% used [0x00000000ff180000,0x00000000ff180000,0x0000000100000000)
 ParOldGen       total 121856K, used 99058K [0x00000000e0000000, 0x00000000e7700000, 0x00000000f5580000)
  object space 121856K, 81% used [0x00000000e0000000,0x00000000e60bcbb0,0x00000000e7700000)
 Metaspace       used 26877K, capacity 29724K, committed 29824K, reserved 1075200K
  class space    used 3296K, capacity 4180K, committed 4224K, reserved 1048576K
}
Event: 2.678 GC heap before
{Heap before GC invocations=9 (full 2):
 PSYoungGen      total 159744K, used 14829K [0x00000000f5580000, 0x0000000100000000, 0x0000000100000000)
  eden space 144896K, 0% used [0x00000000f5580000,0x00000000f5580000,0x00000000fe300000)
  from space 14848K, 99% used [0x00000000fe300000,0x00000000ff17b510,0x00000000ff180000)
  to   space 14848K, 0% used [0x00000000ff180000,0x00000000ff180000,0x0000000100000000)
 ParOldGen       total 121856K, used 99058K [0x00000000e0000000, 0x00000000e7700000, 0x00000000f5580000)
  object space 121856K, 81% used [0x00000000e0000000,0x00000000e60bcbb0,0x00000000e7700000)
 Metaspace       used 26877K, capacity 29724K, committed 29824K, reserved 1075200K
  class space    used 3296K, capacity 4180K, committed 4224K, reserved 1048576K

